Number is 1
usage: sleep seconds
Number is 2
usage: sleep seconds
Number is 3
usage: sleep seconds
Number is 4
usage: sleep seconds
Number is 5
usage: sleep seconds
Number is 6
usage: sleep seconds
Number is 7
usage: sleep seconds
Number is 8
usage: sleep seconds
Number is 9
usage: sleep seconds
Number is 10
usage: sleep seconds
Name is Raju
Name is Sham
Name is Baburao
Number is 1
Number is 2
Number is 3
Number is 4
Number is 5
Number is 1
usage: sleep seconds
Number is 2
usage: sleep seconds
Number is 3
usage: sleep seconds
Number is 4
usage: sleep seconds
Number is 5
usage: sleep seconds
Number is 6
usage: sleep seconds
Number is 7
usage: sleep seconds
Number is 8
usage: sleep seconds
Number is 9
usage: sleep seconds
Number is 10
usage: sleep seconds
Name is Raju
Name is Sham
Name is Baburao
Number is 1
Number is 2
Number is 3
Number is 4
Number is 5
